\BOOKMARK [1][-]{toc.1}{Inhaltsverzeichnis}{}% 1
\BOOKMARK [0][-]{chapter.1}{Abstract}{}% 2
\BOOKMARK [0][-]{chapter.2}{Introduction}{}% 3
\BOOKMARK [0][-]{chapter.3}{Phonems, Vowels and Diphtongs}{}% 4
\BOOKMARK [0][-]{chapter.4}{Grundlagen}{}% 5
\BOOKMARK [1][-]{section.4.1}{Mathe}{chapter.4}% 6
\BOOKMARK [1][-]{section.4.2}{Signalverarbeitung}{chapter.4}% 7
\BOOKMARK [1][-]{section.4.3}{Neuronale Netze}{chapter.4}% 8
\BOOKMARK [0][-]{chapter.5}{Daten}{}% 9
\BOOKMARK [1][-]{section.5.1}{Data}{chapter.5}% 10
\BOOKMARK [1][-]{section.5.2}{Feature Extraction}{chapter.5}% 11
\BOOKMARK [2][-]{subsection.5.2.1}{Mel Frequenzy Cepstral Coefficients}{section.5.2}% 12
\BOOKMARK [2][-]{subsection.5.2.2}{FBank}{section.5.2}% 13
\BOOKMARK [0][-]{chapter.6}{Deep Neural Network and Speechprocessing}{}% 14
\BOOKMARK [1][-]{section.6.1}{Recurrent Neural Network}{chapter.6}% 15
\BOOKMARK [1][-]{section.6.2}{Training}{chapter.6}% 16
\BOOKMARK [1][-]{section.6.3}{Validation}{chapter.6}% 17
\BOOKMARK [0][-]{appendix.A}{Anhang}{}% 18
\BOOKMARK [1][-]{section.A.1}{\334berschrift zweiter Ordnung}{appendix.A}% 19
\BOOKMARK [0][-]{section*.6}{Literaturverzeichnis}{}% 20
\BOOKMARK [0][-]{chapter*.8}{Eidesstattliche Erkl\344rung}{}% 21
